Github Activity Simulation
Fri Mar  7 03:27:48 UTC 2025
Sat Mar  8 01:57:54 UTC 2025
Sun Mar  9 02:03:05 UTC 2025
Mon Mar 10 02:03:56 UTC 2025
Tue Mar 11 02:22:32 UTC 2025
Wed Mar 12 02:21:48 UTC 2025
Thu Mar 13 02:23:19 UTC 2025
Fri Mar 14 02:21:35 UTC 2025
Sat Mar 15 02:19:49 UTC 2025
Sun Mar 16 02:33:36 UTC 2025
Mon Mar 17 02:25:35 UTC 2025
Tue Mar 18 02:24:40 UTC 2025
Wed Mar 19 02:24:00 UTC 2025
Thu Mar 20 02:22:58 UTC 2025
Fri Mar 21 02:24:34 UTC 2025
Tue Mar 25 03:46:40 UTC 2025 - Commit 2
Tue Mar 25 03:46:40 UTC 2025 - Commit 3
Tue Mar 25 03:46:40 UTC 2025 - Commit 4
Tue Mar 25 03:46:40 UTC 2025 - Commit 5
Tue Mar 25 03:46:40 UTC 2025 - Commit 6
Wed Mar 26 02:24:31 UTC 2025 - Commit 2
Wed Mar 26 02:24:31 UTC 2025 - Commit 3
Wed Mar 26 02:24:31 UTC 2025 - Commit 4
Wed Mar 26 02:24:31 UTC 2025 - Commit 5
Wed Mar 26 02:24:31 UTC 2025 - Commit 6
Thu Mar 27 02:24:54 UTC 2025 - Commit 2
Thu Mar 27 02:24:54 UTC 2025 - Commit 3
Thu Mar 27 02:24:54 UTC 2025 - Commit 4
Thu Mar 27 02:24:54 UTC 2025 - Commit 5
Thu Mar 27 02:24:54 UTC 2025 - Commit 6
Thu Mar 27 02:24:54 UTC 2025 - Commit 7
Fri Mar 28 02:26:07 UTC 2025 - Commit 2
Fri Mar 28 02:26:07 UTC 2025 - Commit 3
Fri Mar 28 02:26:07 UTC 2025 - Commit 4
Fri Mar 28 02:26:07 UTC 2025 - Commit 5
Fri Mar 28 02:26:07 UTC 2025 - Commit 6
Fri Mar 28 02:26:07 UTC 2025 - Commit 7
Fri Mar 28 02:26:07 UTC 2025 - Commit 8
Fri Mar 28 02:26:07 UTC 2025 - Commit 9
Sat Mar 29 02:23:10 UTC 2025 - Commit 2
Sat Mar 29 02:23:10 UTC 2025 - Commit 3
Sat Mar 29 02:23:10 UTC 2025 - Commit 4
Sat Mar 29 02:23:10 UTC 2025 - Commit 5
Sat Mar 29 02:23:10 UTC 2025 - Commit 6
Sat Mar 29 02:23:10 UTC 2025 - Commit 7
Sat Mar 29 02:23:10 UTC 2025 - Commit 8
Sun Mar 30 02:39:00 UTC 2025 - Commit 2
Sun Mar 30 02:39:00 UTC 2025 - Commit 3
Sun Mar 30 02:39:00 UTC 2025 - Commit 4
Sun Mar 30 02:39:00 UTC 2025 - Commit 5
